<datasource>
    <name>MySQLConnection</name>
    <description>MySQL Connection</description>
    <jndiConfig useDataSourceFactory="false">
        <name>SchoolJNDI</name>
    </jndiConfig>
    <definition type="RDBMS">
        <configuration>
            <driverClassName>com.mysql.jdbc.Driver</driverClassName>
            <url>jdbc:mysql://localhost:3306/dev_school</url>
            <username>root</username>
            <password>root</password>
        </configuration>
    </definition>
</datasource>
